<?xml version="1.0" encoding="UTF-8"?>
<!-- Generated by org.testng.reporters.JUnitReportReporter -->
<testsuite hostname="dheerajs-mbp-2" failures="0" tests="1" name="testNG" time="0.006" errors="0" timestamp="2022-06-17T16:22:57 IST" skipped="0">
  <testcase classname="testNG" name="out" time="0.006"/>
  <system-out/>
</testsuite> <!-- testNG -->
