<?xml version="1.0" encoding="UTF-8"?>
<!-- Generated by org.testng.reporters.JUnitReportReporter -->
<testsuite hostname="dheerajs-mbp-2" failures="0" tests="1" name="pages.loginPage" time="5.119" errors="0" timestamp="2022-06-18T14:47:50 IST" skipped="0">
  <testcase classname="pages.loginPage" name="login" time="5.119"/>
  <system-out/>
</testsuite> <!-- pages.loginPage -->
