<?xml version="1.0" encoding="UTF-8"?>
<!-- Generated by org.testng.reporters.JUnitReportReporter -->
<testsuite hostname="dheerajs-mbp-2" failures="0" tests="1" name="base.InstanciateDriver" time="0.003" errors="0" timestamp="2022-06-17T16:45:39 IST" skipped="0">
  <testcase classname="base.InstanciateDriver" name="out" time="0.003"/>
  <system-out/>
</testsuite> <!-- base.InstanciateDriver -->
