<?xml version="1.0" encoding="UTF-8"?>
<!-- Generated by org.testng.reporters.JUnitReportReporter -->
<testsuite hostname="192.168.1.3" failures="0" tests="1" name="testCase.TC_001" time="0.308" errors="0" timestamp="2022-06-18T08:29:07 IST" skipped="0">
  <testcase classname="testCase.TC_001" name="tcase1" time="0.308"/>
  <system-out/>
</testsuite> <!-- testCase.TC_001 -->
